c:\users\minkai\documents\visual studio 2013\projects\advance tic tac toe\advance tic tac toe\debug\vc120.pdb
c:\users\minkai\documents\visual studio 2013\projects\advance tic tac toe\advance tic tac toe\debug\vc120.idb
c:\users\minkai\documents\visual studio 2013\projects\advance tic tac toe\advance tic tac toe\debug\convert to str.obj
c:\users\minkai\documents\visual studio 2013\projects\advance tic tac toe\advance tic tac toe\debug\button.obj
c:\users\minkai\documents\visual studio 2013\projects\advance tic tac toe\advance tic tac toe\debug\math function.obj
c:\users\minkai\documents\visual studio 2013\projects\advance tic tac toe\advance tic tac toe\debug\advance_tic_tac_toe.obj
c:\users\minkai\documents\visual studio 2013\projects\advance tic tac toe\advance tic tac toe\debug\board.obj
c:\users\minkai\documents\visual studio 2013\projects\advance tic tac toe\advance tic tac toe\debug\player.obj
c:\users\minkai\documents\visual studio 2013\projects\advance tic tac toe\debug\advance tic tac toe.pdb
c:\users\minkai\documents\visual studio 2013\projects\advance tic tac toe\advance tic tac toe\debug\advance .268c1e04.tlog\cl.command.1.tlog
c:\users\minkai\documents\visual studio 2013\projects\advance tic tac toe\advance tic tac toe\debug\advance .268c1e04.tlog\cl.read.1.tlog
c:\users\minkai\documents\visual studio 2013\projects\advance tic tac toe\advance tic tac toe\debug\advance .268c1e04.tlog\cl.write.1.tlog
c:\users\minkai\documents\visual studio 2013\projects\advance tic tac toe\advance tic tac toe\debug\advance .268c1e04.tlog\link-cvtres.read.1.tlog
c:\users\minkai\documents\visual studio 2013\projects\advance tic tac toe\advance tic tac toe\debug\advance .268c1e04.tlog\link-cvtres.write.1.tlog
c:\users\minkai\documents\visual studio 2013\projects\advance tic tac toe\advance tic tac toe\debug\advance .268c1e04.tlog\link-rc.read.1.tlog
c:\users\minkai\documents\visual studio 2013\projects\advance tic tac toe\advance tic tac toe\debug\advance .268c1e04.tlog\link-rc.write.1.tlog
c:\users\minkai\documents\visual studio 2013\projects\advance tic tac toe\advance tic tac toe\debug\advance .268c1e04.tlog\link.6168-cvtres.read.1.tlog
c:\users\minkai\documents\visual studio 2013\projects\advance tic tac toe\advance tic tac toe\debug\advance .268c1e04.tlog\link.6168-cvtres.write.1.tlog
c:\users\minkai\documents\visual studio 2013\projects\advance tic tac toe\advance tic tac toe\debug\advance .268c1e04.tlog\link.6168-rc.read.1.tlog
c:\users\minkai\documents\visual studio 2013\projects\advance tic tac toe\advance tic tac toe\debug\advance .268c1e04.tlog\link.6168-rc.write.1.tlog
c:\users\minkai\documents\visual studio 2013\projects\advance tic tac toe\advance tic tac toe\debug\advance .268c1e04.tlog\link.6168.read.1.tlog
c:\users\minkai\documents\visual studio 2013\projects\advance tic tac toe\advance tic tac toe\debug\advance .268c1e04.tlog\link.6168.write.1.tlog
c:\users\minkai\documents\visual studio 2013\projects\advance tic tac toe\advance tic tac toe\debug\advance .268c1e04.tlog\link.command.1.tlog
c:\users\minkai\documents\visual studio 2013\projects\advance tic tac toe\advance tic tac toe\debug\advance .268c1e04.tlog\link.read.1.tlog
c:\users\minkai\documents\visual studio 2013\projects\advance tic tac toe\advance tic tac toe\debug\advance .268c1e04.tlog\link.write.1.tlog
